빌드 시작: 2020-10-22 오후 3:54:37
     1>2 노드의 "C:\Users\User\Desktop\보안담당자\개인\C프로그램\CPower\Programming\Section14(테트리스)\App2\App2\App2.vcxproj" 프로젝트(build 대상)입니다.
     1>InitializeBuildStatus:
         "AlwaysCreate"이(가) 지정되었기 때문에 "Debug\App2.unsuccessfulbuild"을(를) 만들고 있습니다.
       ClCompile:
         c:\Program Files (x86)\Microsoft Visual Studio 10.0\VC\bin\CL.exe /c /ZI /nologo /W3 /WX- /Od /Oy- /D _MBCS /Gm /EHsc /RTC1 /MDd /GS /fp:precise /Zc:wchar_t /Zc:forScope /Fo"Debug\\" /Fd"Debug\vc100.pdb" /Gd /TC /analyze- /errorReport:prompt blockStageControl.c
         blockStageControl.c
       Link:
         c:\Program Files (x86)\Microsoft Visual Studio 10.0\VC\bin\link.exe /ERRORREPORT:PROMPT /OUT:"C:\Users\User\Desktop\보안담당자\개인\C프로그램\CPower\Programming\Section14(테트리스)\App2\Debug\App2.exe" /NOLOGO kernel32.lib user32.lib gdi32.lib winspool.lib comdlg32.lib advapi32.lib shell32.lib ole32.lib oleaut32.lib uuid.lib odbc32.lib odbccp32.lib /MANIFEST /ManifestFile:"Debug\App2.exe.intermediate.manifest" /MANIFESTUAC:"level='asInvoker' uiAccess='false'" /DEBUG /PDB:"C:\Users\User\Desktop\보안담당자\개인\C프로그램\CPower\Programming\Section14(테트리스)\App2\Debug\App2.pdb" /SUBSYSTEM:CONSOLE /TLBID:1 /DYNAMICBASE /NXCOMPAT /IMPLIB:"C:\Users\User\Desktop\보안담당자\개인\C프로그램\CPower\Programming\Section14(테트리스)\App2\Debug\App2.lib" /MACHINE:X86 Debug\Board.obj
         Debug\conHitRead.obj
         Debug\drawBoard.obj
         Debug\keyCurControl.obj
         Debug\main.obj
         Debug\testrismain.obj
         Debug\blockStageControl.obj
         LINK : C:\Users\User\Desktop\보안담당자\개인\C프로그램\CPower\Programming\Section14(테트리스)\App2\Debug\App2.exe을(를) 찾을 수 없거나 마지막 증분 링크에 의해 빌드되지 않았습니다. 전체 링크를 수행하고 있습니다.
         App2.vcxproj -> C:\Users\User\Desktop\보안담당자\개인\C프로그램\CPower\Programming\Section14(테트리스)\App2\Debug\App2.exe
       Manifest:
         C:\Program Files (x86)\Microsoft SDKs\Windows\v7.0A\bin\mt.exe /nologo /verbose /outputresource:"C:\Users\User\Desktop\보안담당자\개인\C프로그램\CPower\Programming\Section14(테트리스)\App2\Debug\App2.exe;#1" /manifest Debug\App2.exe.intermediate.manifest
       FinalizeBuildStatus:
         "Debug\App2.unsuccessfulbuild" 파일을 삭제하고 있습니다.
         "Debug\App2.lastbuildstate"에 연결(touching)하고 있습니다.
     1>"C:\Users\User\Desktop\보안담당자\개인\C프로그램\CPower\Programming\Section14(테트리스)\App2\App2\App2.vcxproj" 프로젝트를 빌드했습니다(build 대상).

빌드했습니다.

경과 시간: 00:00:01.88
